{"time":"2024-09-11T16:16:28.5294192-03:00","level":"INFO","msg":"Inicio de busqueda","Buscar: ":"https://ar.puma.com/segmentifysearch?q=394915_*"}
{"time":"2024-09-11T17:17:10.4021427-03:00","level":"INFO","msg":"Inicio de busqueda","Buscar: ":"https://ar.puma.com/segmentifysearch?q=394915_*"}
{"time":"2024-09-11T21:49:48.13573-03:00","level":"INFO","msg":"Inicio de busqueda","Buscar: ":"https://ar.puma.com/segmentifysearch?q=394915_*"}
{"time":"2024-09-11T21:50:05.4225556-03:00","level":"INFO","msg":"Inicio de busqueda","Buscar: ":"https://ar.puma.com/segmentifysearch?q=394915_*"}
{"time":"2024-09-11T22:53:31.2313794-03:00","level":"INFO","msg":"Inicio de busqueda","Buscar: ":"https://ar.puma.com/segmentifysearch?q=394915_*"}
{"time":"2024-09-11T22:57:37.3444336-03:00","level":"INFO","msg":"Inicio de busqueda","Buscar: ":"https://ar.puma.com/segmentifysearch?q=394915_*"}
{"time":"2024-09-11T22:58:08.2016981-03:00","level":"INFO","msg":"Inicio de busqueda","Buscar: ":"https://ar.puma.com/segmentifysearch?q=394915_*"}
{"time":"2024-09-11T22:58:37.2975834-03:00","level":"INFO","msg":"Inicio de busqueda","Buscar: ":"https://ar.puma.com/segmentifysearch?q=394915_*"}
{"time":"2024-09-11T22:58:37.85377-03:00","level":"INFO","msg":"Inicio de busqueda","Buscar: ":"https://ar.puma.com/segmentifysearch?q=394915_*"}
{"time":"2024-09-11T22:58:38.1827013-03:00","level":"INFO","msg":"Inicio de busqueda","Buscar: ":"https://ar.puma.com/segmentifysearch?q=394915_*"}
{"time":"2024-09-11T22:58:38.8485391-03:00","level":"INFO","msg":"Inicio de busqueda","Buscar: ":"https://ar.puma.com/segmentifysearch?q=394915_*"}
{"time":"2024-09-11T22:59:29.6967262-03:00","level":"INFO","msg":"Inicio de busqueda","Buscar: ":"https://ar.puma.com/segmentifysearch?q=394915_*"}
{"time":"2024-09-11T23:00:35.6810897-03:00","level":"INFO","msg":"Inicio de busqueda","Buscar: ":"https://ar.puma.com/segmentifysearch?q=394915_*"}
{"time":"2024-09-11T23:10:02.4516053-03:00","level":"INFO","msg":"Inicio de busqueda","Buscar: ":"https://ar.puma.com/segmentifysearch?q=394915_*"}
{"time":"2024-09-11T23:10:16.5491054-03:00","level":"INFO","msg":"Inicio de busqueda","Buscar: ":"https://www.nike.com.ar/DC3728?_q=DC3728&map=ft"}
{"time":"2024-09-11T23:10:23.7184746-03:00","level":"WARN","msg":"Advertencia","Warning: ":"CAPTCHA encontrado, cerrando página y reintentando..."}
{"time":"2024-09-11T23:10:50.2387909-03:00","level":"INFO","msg":"Inicio de busqueda","Buscar: ":"https://www.adidas.com.ar/search?q=IE4035"}
{"time":"2024-09-11T23:13:17.1328854-03:00","level":"INFO","msg":"Inicio de busqueda","Buscar: ":"https://ar.puma.com/segmentifysearch?q=394915_*"}
{"time":"2024-09-11T23:13:28.7851866-03:00","level":"INFO","msg":"Inicio de busqueda","Buscar: ":"https://ar.puma.com/segmentifysearch?q=394915_*"}
{"time":"2024-09-11T23:13:43.1499104-03:00","level":"INFO","msg":"Inicio de busqueda","Buscar: ":"https://ar.puma.com/segmentifysearch?q=394915_*"}
{"time":"2024-09-13T10:27:16.392632-03:00","level":"INFO","msg":"Inicio de busqueda","Buscar: ":"https://ar.puma.com/segmentifysearch?q=394915_*"}
{"time":"2024-09-13T11:45:54.3736029-03:00","level":"INFO","msg":"Inicio de busqueda","Buscar: ":"https://ar.puma.com/segmentifysearch?q=394915_*"}
{"time":"2024-09-13T11:46:18.0237665-03:00","level":"INFO","msg":"Inicio de busqueda","Buscar: ":"https://www.adidas.com.ar/search?q=GV9121"}
{"time":"2024-09-13T11:46:49.594303-03:00","level":"INFO","msg":"Inicio de busqueda","Buscar: ":"https://ar.puma.com/segmentifysearch?q=GV9121_*"}
{"time":"2024-09-13T11:47:01.6994249-03:00","level":"INFO","msg":"Inicio de busqueda","Buscar: ":"https://ar.puma.com/segmentifysearch?q=GV9121_*"}
{"time":"2024-09-13T11:47:25.2656422-03:00","level":"INFO","msg":"Inicio de busqueda","Buscar: ":"https://www.adidas.com.ar/search?q=GV9121"}
{"time":"2024-09-13T11:47:49.8546656-03:00","level":"INFO","msg":"Inicio de busqueda","Buscar: ":"https://www.adidas.com.ar/search?q=ID1723"}
{"time":"2024-09-13T11:49:40.5397893-03:00","level":"INFO","msg":"Inicio de busqueda","Buscar: ":"https://ar.puma.com/segmentifysearch?q=ID1723_*"}
{"time":"2024-09-13T11:50:21.5590385-03:00","level":"INFO","msg":"Inicio de busqueda","Buscar: ":"https://ar.puma.com/segmentifysearch?q=379390_*"}
{"time":"2024-09-13T11:51:08.2902033-03:00","level":"INFO","msg":"Inicio de busqueda","Buscar: ":"https://ar.puma.com/segmentifysearch?q=090255_*"}
{"time":"2024-09-13T11:53:48.1617989-03:00","level":"INFO","msg":"Inicio de busqueda","Buscar: ":"https://ar.puma.com/segmentifysearch?q=090351_*"}
{"time":"2024-09-13T11:56:16.1730956-03:00","level":"INFO","msg":"Inicio de busqueda","Buscar: ":"https://www.adidas.com.ar/search?q=HP6736"}
{"time":"2024-09-13T11:57:30.9352321-03:00","level":"INFO","msg":"Inicio de busqueda","Buscar: ":"https://www.adidas.com.ar/search?q=HP6736"}
{"time":"2024-09-13T15:10:42.1424175-03:00","level":"INFO","msg":"Inicio de busqueda","Buscar: ":"https://ar.puma.com/segmentifysearch?q=394915_*"}
{"time":"2024-09-13T15:10:45.7288282-03:00","level":"INFO","msg":"Inicio de busqueda","Buscar: ":"https://ar.puma.com/segmentifysearch?q=394915_*"}
{"time":"2024-09-13T15:10:47.1969416-03:00","level":"INFO","msg":"Inicio de busqueda","Buscar: ":"https://ar.puma.com/segmentifysearch?q=394915_*"}
{"time":"2024-09-13T15:10:48.6625943-03:00","level":"INFO","msg":"Inicio de busqueda","Buscar: ":"https://ar.puma.com/segmentifysearch?q=394915_*"}
{"time":"2024-09-13T15:11:50.5131912-03:00","level":"INFO","msg":"Inicio de busqueda","Buscar: ":"https://www.adidas.com.ar/search?q=ID1723"}
{"time":"2024-09-13T15:12:10.3596875-03:00","level":"INFO","msg":"Inicio de busqueda","Buscar: ":"https://www.adidas.com.ar/search?q=ID1723"}
{"time":"2024-09-13T15:12:11.483489-03:00","level":"INFO","msg":"Inicio de busqueda","Buscar: ":"https://www.adidas.com.ar/search?q=ID1723"}
{"time":"2024-09-13T15:12:12.7122975-03:00","level":"INFO","msg":"Inicio de busqueda","Buscar: ":"https://www.adidas.com.ar/search?q=ID1723"}
{"time":"2024-09-13T15:12:14.3044312-03:00","level":"INFO","msg":"Inicio de busqueda","Buscar: ":"https://www.adidas.com.ar/search?q=ID1723"}
{"time":"2024-09-13T15:13:13.0857761-03:00","level":"INFO","msg":"Inicio de busqueda","Buscar: ":"https://www.nike.com.ar/DJ5635?_q=DJ5635&map=ft"}
{"time":"2024-09-13T15:13:14.3680723-03:00","level":"INFO","msg":"Inicio de busqueda","Buscar: ":"https://www.nike.com.ar/DJ5635?_q=DJ5635&map=ft"}
{"time":"2024-09-13T15:13:15.897443-03:00","level":"INFO","msg":"Inicio de busqueda","Buscar: ":"https://www.nike.com.ar/DJ5635?_q=DJ5635&map=ft"}
{"time":"2024-09-13T15:13:17.350073-03:00","level":"INFO","msg":"Inicio de busqueda","Buscar: ":"https://www.nike.com.ar/DJ5635?_q=DJ5635&map=ft"}
{"time":"2024-09-13T15:13:33.4506776-03:00","level":"INFO","msg":"Inicio de busqueda","Buscar: ":"https://www.nike.com.ar/DJ5635?_q=DJ5635&map=ft"}
{"time":"2024-09-13T15:16:01.8070189-03:00","level":"INFO","msg":"Inicio de busqueda","Buscar: ":"https://www.nike.com.ar/DJ5635?_q=DJ5635&map=ft"}
{"time":"2024-09-13T15:16:04.9018822-03:00","level":"INFO","msg":"Inicio de busqueda","Buscar: ":"https://www.nike.com.ar/DJ5635?_q=DJ5635&map=ft"}
{"time":"2024-09-13T15:16:06.2706823-03:00","level":"INFO","msg":"Inicio de busqueda","Buscar: ":"https://www.nike.com.ar/DJ5635?_q=DJ5635&map=ft"}
{"time":"2024-09-13T15:16:07.6563529-03:00","level":"INFO","msg":"Inicio de busqueda","Buscar: ":"https://www.nike.com.ar/DJ5635?_q=DJ5635&map=ft"}
{"time":"2024-09-13T15:17:02.0949306-03:00","level":"INFO","msg":"Inicio de busqueda","Buscar: ":"https://www.nike.com.ar/DJ5635?_q=DJ5635&map=ft"}
{"time":"2024-09-13T15:17:06.1927783-03:00","level":"INFO","msg":"Inicio de busqueda","Buscar: ":"https://www.nike.com.ar/DJ5635?_q=DJ5635&map=ft"}
{"time":"2024-09-13T15:17:15.5026199-03:00","level":"INFO","msg":"Inicio de busqueda","Buscar: ":"https://www.nike.com.ar/DJ5635?_q=DJ5635&map=ft"}
{"time":"2024-09-13T15:17:17.5399999-03:00","level":"INFO","msg":"Inicio de busqueda","Buscar: ":"https://www.nike.com.ar/DJ5635?_q=DJ5635&map=ft"}
{"time":"2024-09-13T15:17:18.8825299-03:00","level":"INFO","msg":"Inicio de busqueda","Buscar: ":"https://www.nike.com.ar/DJ5635?_q=DJ5635&map=ft"}
{"time":"2024-09-13T15:17:20.3962437-03:00","level":"INFO","msg":"Inicio de busqueda","Buscar: ":"https://www.nike.com.ar/DJ5635?_q=DJ5635&map=ft"}
{"time":"2024-09-13T15:17:45.454948-03:00","level":"INFO","msg":"Inicio de busqueda","Buscar: ":"https://www.nike.com.ar/DJ5635?_q=DJ5635&map=ft"}
{"time":"2024-09-13T15:27:41.7603735-03:00","level":"INFO","msg":"Inicio de busqueda","Buscar: ":"Bucando DJ5635"}
{"time":"2024-09-15T16:34:32.737143-03:00","level":"INFO","msg":"Inicio de busqueda","Buscar: ":"Bucando DJ5635"}
{"time":"2024-09-15T16:34:39.9132887-03:00","level":"INFO","msg":"Inicio de busqueda","Buscar: ":"https://www.nike.com.ar/DJ5635?_q=DJ5635&map=ft"}
{"time":"2024-09-15T16:34:49.3216447-03:00","level":"WARN","msg":"Advertencia","Warning: ":"CAPTCHA encontrado, cerrando página y reintentando..."}
{"time":"2024-09-15T16:35:10.1652055-03:00","level":"INFO","msg":"Inicio de busqueda","Buscar: ":"https://ar.puma.com/segmentifysearch?q=379390_*"}
{"time":"2024-09-15T18:43:28.1892708-03:00","level":"INFO","msg":"Inicio de busqueda","Buscar: ":"https://ar.puma.com/segmentifysearch?q=379390_*"}
{"time":"2024-09-15T18:44:48.0893597-03:00","level":"INFO","msg":"Inicio de busqueda","Buscar: ":"https://ar.puma.com/segmentifysearch?q=379390_*"}
{"time":"2024-09-15T18:46:07.6094641-03:00","level":"INFO","msg":"Inicio de busqueda","Buscar: ":"https://ar.puma.com/segmentifysearch?q=379390_*"}
{"time":"2024-09-15T18:46:22.9140458-03:00","level":"INFO","msg":"Inicio de busqueda","Buscar: ":"https://ar.puma.com/segmentifysearch?q=379390_*"}
{"time":"2024-09-15T18:47:29.506561-03:00","level":"INFO","msg":"Inicio de busqueda","Buscar: ":"https://ar.puma.com/segmentifysearch?q=379390_*"}
{"time":"2024-09-15T18:47:42.7031812-03:00","level":"INFO","msg":"Inicio de busqueda","Buscar: ":"https://ar.puma.com/segmentifysearch?q=379390_*"}
{"time":"2024-09-15T18:48:42.5466966-03:00","level":"INFO","msg":"Inicio de busqueda","Buscar: ":"https://ar.puma.com/segmentifysearch?q=379390_*"}
{"time":"2024-09-15T18:50:19.7597622-03:00","level":"INFO","msg":"Inicio de busqueda","Buscar: ":"https://ar.puma.com/segmentifysearch?q=379390_*"}
